<?xml version="1.0" encoding="UTF-8"?>
<testsuite name="com.vetInfor.vet.Info.VetInfoApplicationTests" tests="1" skipped="0" failures="0" errors="0" timestamp="2021-01-31T16:22:57" hostname="LT-5CG0245TNQ" time="0.188">
  <properties/>
  <testcase name="contextLoads()" classname="com.vetInfor.vet.Info.VetInfoApplicationTests" time="0.188"/>
  <system-out><![CDATA[11:22:56.916 [Test worker] DEBUG org.springframework.test.context.BootstrapUtils - Instantiating CacheAwareContextLoaderDelegate from class [org.springframework.test.context.cache.DefaultCacheAwareContextLoaderDelegate]
11:22:56.932 [Test worker] DEBUG org.springframework.test.context.BootstrapUtils - Instantiating BootstrapContext using constructor [public org.springframework.test.context.support.DefaultBootstrapContext(java.lang.Class,org.springframework.test.context.CacheAwareContextLoaderDelegate)]
11:22:56.963 [Test worker] DEBUG org.springframework.test.context.BootstrapUtils - Instantiating TestContextBootstrapper for test class [com.vetInfor.vet.Info.VetInfoApplicationTests] from class [org.springframework.boot.test.context.SpringBootTestContextBootstrapper]
11:22:56.979 [Test worker] INFO org.springframework.boot.test.context.SpringBootTestContextBootstrapper - Neither @ContextConfiguration nor @ContextHierarchy found for test class [com.vetInfor.vet.Info.VetInfoApplicationTests], using SpringBootContextLoader
11:22:56.979 [Test worker] DEBUG org.springframework.test.context.support.AbstractContextLoader - Did not detect default resource location for test class [com.vetInfor.vet.Info.VetInfoApplicationTests]: class path resource [com/vetInfor/vet/Info/VetInfoApplicationTests-context.xml] does not exist
11:22:56.979 [Test worker] DEBUG org.springframework.test.context.support.AbstractContextLoader - Did not detect default resource location for test class [com.vetInfor.vet.Info.VetInfoApplicationTests]: class path resource [com/vetInfor/vet/Info/VetInfoApplicationTestsContext.groovy] does not exist
11:22:56.979 [Test worker] INFO org.springframework.test.context.support.AbstractContextLoader - Could not detect default resource locations for test class [com.vetInfor.vet.Info.VetInfoApplicationTests]: no resource found for suffixes {-context.xml, Context.groovy}.
11:22:56.979 [Test worker] INFO org.springframework.test.context.support.AnnotationConfigContextLoaderUtils - Could not detect default configuration classes for test class [com.vetInfor.vet.Info.VetInfoApplicationTests]: VetInfoApplicationTests does not declare any static, non-private, non-final, nested classes annotated with @Configuration.
11:22:57.026 [Test worker] DEBUG org.springframework.test.context.support.ActiveProfilesUtils - Could not find an 'annotation declaring class' for annotation type [org.springframework.test.context.ActiveProfiles] and class [com.vetInfor.vet.Info.VetInfoApplicationTests]
11:22:57.088 [Test worker] DEBUG org.springframework.context.annotation.ClassPathScanningCandidateComponentProvider - Identified candidate component class: file [C:\Users\fngeno\IdeaProjects\vetDemoAPI\build\classes\java\main\com\vetInfor\vet\Info\VetInfoApplication.class]
11:22:57.088 [Test worker] INFO org.springframework.boot.test.context.SpringBootTestContextBootstrapper - Found @SpringBootConfiguration com.vetInfor.vet.Info.VetInfoApplication for test class com.vetInfor.vet.Info.VetInfoApplicationTests
11:22:57.197 [Test worker] DEBUG org.springframework.boot.test.context.SpringBootTestContextBootstrapper - @TestExecutionListeners is not present for class [com.vetInfor.vet.Info.VetInfoApplicationTests]: using defaults.
11:22:57.197 [Test worker] INFO org.springframework.boot.test.context.SpringBootTestContextBootstrapper - Loaded default TestExecutionListener class names from location [META-INF/spring.factories]: [org.springframework.boot.test.autoconfigure.restdocs.RestDocsTestExecutionListener, org.springframework.boot.test.autoconfigure.web.client.MockRestServiceServerResetTestExecutionListener, org.springframework.boot.test.autoconfigure.web.servlet.MockMvcPrintOnlyOnFailureTestExecutionListener, org.springframework.boot.test.autoconfigure.web.servlet.WebDriverTestExecutionListener, org.springframework.boot.test.autoconfigure.webservices.client.MockWebServiceServerTestExecutionListener, org.springframework.boot.test.mock.mockito.MockitoTestExecutionListener, org.springframework.boot.test.mock.mockito.ResetMocksTestExecutionListener, org.springframework.test.context.web.ServletTestExecutionListener, org.springframework.test.context.support.DirtiesContextBeforeModesTestExecutionListener, org.springframework.test.context.event.ApplicationEventsTestExecutionListener, org.springframework.test.context.support.DependencyInjectionTestExecutionListener, org.springframework.test.context.support.DirtiesContextTestExecutionListener, org.springframework.test.context.transaction.TransactionalTestExecutionListener, org.springframework.test.context.jdbc.SqlScriptsTestExecutionListener, org.springframework.test.context.event.EventPublishingTestExecutionListener]
11:22:57.213 [Test worker] DEBUG org.springframework.boot.test.context.SpringBootTestContextBootstrapper - Skipping candidate TestExecutionListener [org.springframework.test.context.web.ServletTestExecutionListener] due to a missing dependency. Specify custom listener classes or make the default listener classes and their required dependencies available. Offending class: [javax/servlet/ServletContext]
11:22:57.213 [Test worker] DEBUG org.springframework.boot.test.context.SpringBootTestContextBootstrapper - Skipping candidate TestExecutionListener [org.springframework.test.context.transaction.TransactionalTestExecutionListener] due to a missing dependency. Specify custom listener classes or make the default listener classes and their required dependencies available. Offending class: [org/springframework/transaction/interceptor/TransactionAttributeSource]
11:22:57.213 [Test worker] DEBUG org.springframework.boot.test.context.SpringBootTestContextBootstrapper - Skipping candidate TestExecutionListener [org.springframework.test.context.jdbc.SqlScriptsTestExecutionListener] due to a missing dependency. Specify custom listener classes or make the default listener classes and their required dependencies available. Offending class: [org/springframework/transaction/interceptor/TransactionAttribute]
11:22:57.213 [Test worker] INFO org.springframework.boot.test.context.SpringBootTestContextBootstrapper - Using TestExecutionListeners: [org.springframework.test.context.support.DirtiesContextBeforeModesTestExecutionListener@3bc33131, org.springframework.test.context.event.ApplicationEventsTestExecutionListener@43cf159c, org.springframework.boot.test.mock.mockito.MockitoTestExecutionListener@5a1b559a, org.springframework.boot.test.autoconfigure.SpringBootDependencyInjectionTestExecutionListener@74484fbf, org.springframework.test.context.support.DirtiesContextTestExecutionListener@5620b2be, org.springframework.test.context.event.EventPublishingTestExecutionListener@6d782e13, org.springframework.boot.test.autoconfigure.restdocs.RestDocsTestExecutionListener@6d4f11a3, org.springframework.boot.test.autoconfigure.web.client.MockRestServiceServerResetTestExecutionListener@5b4c8e02, org.springframework.boot.test.autoconfigure.web.servlet.MockMvcPrintOnlyOnFailureTestExecutionListener@8aa6297, org.springframework.boot.test.autoconfigure.web.servlet.WebDriverTestExecutionListener@240ecd27, org.springframework.boot.test.autoconfigure.webservices.client.MockWebServiceServerTestExecutionListener@3159020c, org.springframework.boot.test.mock.mockito.ResetMocksTestExecutionListener@edab6bb]
11:22:57.213 [Test worker] DEBUG org.springframework.test.context.support.AbstractDirtiesContextTestExecutionListener - Before test class: context [DefaultTestContext@1851a440 testClass = VetInfoApplicationTests, testInstance = [null], testMethod = [null], testException = [null], mergedContextConfiguration = [MergedContextConfiguration@57b09f12 testClass = VetInfoApplicationTests, locations = '{}', classes = '{class com.vetInfor.vet.Info.VetInfoApplication}', contextInitializerClasses = '[]', activeProfiles = '{}', propertySourceLocations = '{}', propertySourceProperties = '{org.springframework.boot.test.context.SpringBootTestContextBootstrapper=true}', contextCustomizers = set[org.springframework.boot.test.autoconfigure.actuate.metrics.MetricsExportContextCustomizerFactory$DisableMetricExportContextCustomizer@7ee34b9d, org.springframework.boot.test.autoconfigure.properties.PropertyMappingContextCustomizer@0, org.springframework.boot.test.autoconfigure.web.servlet.WebDriverContextCustomizerFactory$Customizer@120d1fa0, org.springframework.boot.test.context.filter.ExcludeFilterContextCustomizer@95255d, org.springframework.boot.test.json.DuplicateJsonObjectContextCustomizerFactory$DuplicateJsonObjectContextCustomizer@1bc39f54, org.springframework.boot.test.mock.mockito.MockitoContextCustomizer@0, org.springframework.boot.test.web.client.TestRestTemplateContextCustomizer@3319ff55, org.springframework.boot.test.context.SpringBootTestArgs@1, org.springframework.boot.test.context.SpringBootTestWebEnvironment@71fe58e1], contextLoader = 'org.springframework.boot.test.context.SpringBootContextLoader', parent = [null]], attributes = map[[empty]]], class annotated with @DirtiesContext [false] with mode [null].
11:22:57.229 [Test worker] DEBUG org.springframework.test.context.support.DependencyInjectionTestExecutionListener - Performing dependency injection for test context [[DefaultTestContext@1851a440 testClass = VetInfoApplicationTests, testInstance = com.vetInfor.vet.Info.VetInfoApplicationTests@6356cb44, testMethod = [null], testException = [null], mergedContextConfiguration = [MergedContextConfiguration@57b09f12 testClass = VetInfoApplicationTests, locations = '{}', classes = '{class com.vetInfor.vet.Info.VetInfoApplication}', contextInitializerClasses = '[]', activeProfiles = '{}', propertySourceLocations = '{}', propertySourceProperties = '{org.springframework.boot.test.context.SpringBootTestContextBootstrapper=true}', contextCustomizers = set[org.springframework.boot.test.autoconfigure.actuate.metrics.MetricsExportContextCustomizerFactory$DisableMetricExportContextCustomizer@7ee34b9d, org.springframework.boot.test.autoconfigure.properties.PropertyMappingContextCustomizer@0, org.springframework.boot.test.autoconfigure.web.servlet.WebDriverContextCustomizerFactory$Customizer@120d1fa0, org.springframework.boot.test.context.filter.ExcludeFilterContextCustomizer@95255d, org.springframework.boot.test.json.DuplicateJsonObjectContextCustomizerFactory$DuplicateJsonObjectContextCustomizer@1bc39f54, org.springframework.boot.test.mock.mockito.MockitoContextCustomizer@0, org.springframework.boot.test.web.client.TestRestTemplateContextCustomizer@3319ff55, org.springframework.boot.test.context.SpringBootTestArgs@1, org.springframework.boot.test.context.SpringBootTestWebEnvironment@71fe58e1], contextLoader = 'org.springframework.boot.test.context.SpringBootContextLoader', parent = [null]], attributes = map['org.springframework.test.context.event.ApplicationEventsTestExecutionListener.recordApplicationEvents' -> false]]].
11:22:57.260 [Test worker] DEBUG org.springframework.test.context.support.TestPropertySourceUtils - Adding inlined properties to environment: {spring.jmx.enabled=false, org.springframework.boot.test.context.SpringBootTestContextBootstrapper=true}

  .   ____          _            __ _ _
 /\\ / ___'_ __ _ _(_)_ __  __ _ \ \ \ \
( ( )\___ | '_ | '_| | '_ \/ _` | \ \ \ \
 \\/  ___)| |_)| | | | | || (_| |  ) ) ) )
  '  |____| .__|_| |_|_| |_\__, | / / / /
 =========|_|==============|___/=/_/_/_/
 :: Spring Boot ::                (v2.4.2)

2021-01-31 11:22:57.479  INFO 15744 --- [    Test worker] c.v.vet.Info.VetInfoApplicationTests     : Starting VetInfoApplicationTests using Java 1.8.0_271 on LT-5CG0245TNQ with PID 15744 (started by fngeno in C:\Users\fngeno\IdeaProjects\vetDemoAPI)
2021-01-31 11:22:57.479  INFO 15744 --- [    Test worker] c.v.vet.Info.VetInfoApplicationTests     : No active profile set, falling back to default profiles: default
2021-01-31 11:22:57.963  INFO 15744 --- [    Test worker] c.v.vet.Info.VetInfoApplicationTests     : Started VetInfoApplicationTests in 0.702 seconds (JVM running for 6.776)
]]></system-out>
  <system-err><![CDATA[]]></system-err>
</testsuite>
